<?xml version="1.0" encoding="UTF-8"?>
<testsuite name="is.ru.tictactoe.BoardTest" tests="1" skipped="0" failures="0" errors="0" timestamp="2017-10-25T14:18:39" hostname="LAPTOP-TD6O9Q9F" time="0.001">
  <properties/>
  <testcase name="testEmptyString" classname="is.ru.tictactoe.BoardTest" time="0.001"/>
  <system-out><![CDATA[]]></system-out>
  <system-err><![CDATA[]]></system-err>
</testsuite>
